<?xml version="1.0" encoding="UTF-8"?>
<testng-results skipped="0" failed="0" ignored="0" total="1" passed="1">
  <reporter-output>
  </reporter-output>
  <suite name="Default suite" duration-ms="109749" started-at="2020-06-04T23:02:56 IST" finished-at="2020-06-04T23:04:45 IST">
    <groups>
    </groups>
    <test name="Default test" duration-ms="109749" started-at="2020-06-04T23:02:56 IST" finished-at="2020-06-04T23:04:45 IST">
      <class name="com.att.test.CkavPageValidations">
        <test-method status="PASS" signature="LaunchBrowser()[pri:0, instance:com.att.test.CkavPageValidations@2b71e916]" name="LaunchBrowser" is-config="true" duration-ms="54538" started-at="2020-06-04T23:02:56 IST" finished-at="2020-06-04T23:03:50 IST">
          <reporter-output>
          </reporter-output>
        </test-method> <!-- LaunchBrowser -->
        <test-method status="PASS" signature="CkavPageContinue()[pri:1, instance:com.att.test.CkavPageValidations@2b71e916]" name="CkavPageContinue" duration-ms="53746" started-at="2020-06-04T23:03:50 IST" description="ckav page test" finished-at="2020-06-04T23:04:44 IST">
          <reporter-output>
          </reporter-output>
        </test-method> <!-- CkavPageContinue -->
        <test-method status="PASS" signature="closeBrowser()[pri:0, instance:com.att.test.CkavPageValidations@2b71e916]" name="closeBrowser" is-config="true" duration-ms="1152" started-at="2020-06-04T23:04:44 IST" finished-at="2020-06-04T23:04:45 IST">
          <reporter-output>
          </reporter-output>
        </test-method> <!-- closeBrowser -->
      </class> <!-- com.att.test.CkavPageValidations -->
    </test> <!-- Default test -->
  </suite> <!-- Default suite -->
</testng-results>
